<?xml version="1.0" encoding="UTF-8"?>
<!-- Generated by org.testng.reporters.JUnitReportReporter -->
<testsuite hostname="JBNAIK" failures="0" tests="1" name="mavan.LoginTest" time="0.006" errors="0" timestamp="2022-11-15T19:24:53 IST" skipped="0">
  <testcase classname="mavan.LoginTest" name="loginTest" time="0.006"/>
  <system-out/>
</testsuite> <!-- mavan.LoginTest -->
